<?xml version="1.0" encoding="UTF-8"?>
<!-- Generated by org.testng.reporters.JUnitXMLReporter -->
<testsuite ignored="2" hostname="DESKTOP-086B080" failures="1" tests="5" name="Test" time="128.31" errors="0" timestamp="2025-01-03T19:21:24 IST">
  <testcase classname="inventoryTests.AddProductToCartTest" name="tc_001_AddToCartTest" time="27.928"/>
  <testcase classname="inventoryTests.RemoveProductTest" name="tc_002_RemoveProductFromCart" time="0.003">
    <skipped/>
  </testcase> <!-- tc_002_RemoveProductFromCart -->
  <testcase classname="inventoryTests.RemoveProductTest" name="tc_002_RemoveProductFromCart" time="0.003">
    <skipped/>
  </testcase> <!-- tc_002_RemoveProductFromCart -->
  <testcase classname="inventoryTests.RemoveProductTest" name="tc_002_RemoveProductFromCart" time="0.006">
    <skipped/>
  </testcase> <!-- tc_002_RemoveProductFromCart -->
  <testcase classname="inventoryTests.RemoveProductTest" name="tc_002_RemoveProductFromCart" time="0.008">
    <failure type="java.lang.AssertionError" message="null">
      <![CDATA[java.lang.AssertionError: null
at inventoryTests.RemoveProductTest.tc_002_RemoveProductFromCart(RemoveProductTest.java:13)
at java.base/java.util.ArrayList.forEach(ArrayList.java:1511)
... Removed 29 stack frames]]>
    </failure>
  </testcase> <!-- tc_002_RemoveProductFromCart -->
  <testcase classname="genericUtilities.BaseClass" name="@BeforeSuite bsConfig" time="0.0">
    <ignored/>
  </testcase> <!-- @BeforeSuite bsConfig -->
  <testcase classname="genericUtilities.BaseClass" name="@AfterSuite asConfig" time="0.0">
    <ignored/>
  </testcase> <!-- @AfterSuite asConfig -->
</testsuite> <!-- Test -->
